2026-04-01 22:43:12,551 [INFO] database.db: Database initialized at: sqlite:///./real_estate.db
2026-04-01 22:43:12,684 [INFO] ingestion.normalizer: Price increased: 581 Hilltop St → $417612.0
2026-04-01 22:43:12,684 [INFO] ingestion.normalizer: Price increased: 3627 Maine Ave → $306677.0
2026-04-01 22:43:12,684 [INFO] ingestion.normalizer: Price increased: 1503 Cutting Pl → $504875.0
2026-04-01 22:43:12,685 [INFO] ingestion.normalizer: Price increased: 3287 Adeline Way → $488200.0
2026-04-01 22:43:12,685 [INFO] ingestion.normalizer: Price reduced: 3213 Cutting Ln → $331545.0
2026-04-01 22:43:12,685 [INFO] ingestion.normalizer: Price increased: 2757 Broadway St → $420877.0
2026-04-01 22:43:12,685 [INFO] ingestion.normalizer: Price reduced: 2595 Macdonald Ct → $273724.0
2026-04-01 22:43:12,686 [INFO] ingestion.normalizer: Price increased: 1736 San Jose Blvd → $442320.0
2026-04-01 22:43:12,686 [INFO] ingestion.normalizer: Price increased: 3045 Shattuck Ave → $495923.0
2026-04-01 22:43:12,686 [INFO] ingestion.normalizer: Price reduced: 4921 Shattuck Blvd → $259661.0
2026-04-01 22:43:12,708 [INFO] database.db: Database initialized at: sqlite:///./real_estate.db
2026-04-01 22:43:12,710 [INFO] alerts.notifier: ALERT [NEW_MATCH] 4985 Cutting Ct | 🏠 New Match: 4985 Cutting Ct — Score 70/100
2026-04-01 22:43:12,711 [INFO] alerts.notifier: ALERT [NEW_MATCH] 1729 Ohio Way | 🏠 New Match: 1729 Ohio Way — Score 68/100
2026-04-01 22:43:12,711 [INFO] alerts.notifier: ALERT [NEW_MATCH] 1883 Barrett St | 🏠 New Match: 1883 Barrett St — Score 70/100
2026-04-01 22:43:12,711 [INFO] alerts.notifier: ALERT [NEW_MATCH] 2673 Carlson Ln | 🏠 New Match: 2673 Carlson Ln — Score 69/100
2026-04-01 22:43:12,711 [INFO] alerts.notifier: ALERT [NEW_MATCH] 3627 Maine Ave | 🏠 New Match: 3627 Maine Ave — Score 71/100
2026-04-01 22:43:12,711 [INFO] alerts.notifier: ALERT [NEW_MATCH] 2510 Carlson Ct | 🏠 New Match: 2510 Carlson Ct — Score 70/100
2026-04-01 22:43:12,712 [INFO] alerts.notifier: ALERT [NEW_MATCH] 539 Ohio Blvd | 🏠 New Match: 539 Ohio Blvd — Score 65/100
2026-04-01 22:43:12,712 [INFO] alerts.notifier: ALERT [NEW_MATCH] 1645 Shattuck Dr | 🏠 New Match: 1645 Shattuck Dr — Score 70/100
2026-04-01 22:43:12,712 [INFO] alerts.notifier: ALERT [NEW_MATCH] 1894 Telegraph Dr | 🏠 New Match: 1894 Telegraph Dr — Score 78/100
2026-04-01 22:43:12,712 [INFO] alerts.notifier: ALERT [NEW_MATCH] 2874 Giant Rd Pl | 🏠 New Match: 2874 Giant Rd Pl — Score 70/100
2026-04-01 22:43:12,712 [INFO] alerts.notifier: ALERT [NEW_MATCH] 617 Telegraph Pl | 🏠 New Match: 617 Telegraph Pl — Score 70/100
2026-04-01 22:43:12,713 [INFO] alerts.notifier: ALERT [NEW_MATCH] 3941 Central Ln | 🏠 New Match: 3941 Central Ln — Score 73/100
2026-04-01 22:43:12,713 [INFO] alerts.notifier: ALERT [NEW_MATCH] 1258 Market Ln | 🏠 New Match: 1258 Market Ln — Score 65/100
2026-04-01 22:43:12,713 [INFO] alerts.notifier: ALERT [NEW_MATCH] 928 Hilltop St | 🏠 New Match: 928 Hilltop St — Score 67/100
2026-04-01 22:43:12,713 [INFO] alerts.notifier: ALERT [NEW_MATCH] 3228 Hilltop Ct | 🏠 New Match: 3228 Hilltop Ct — Score 76/100
2026-04-01 22:43:12,713 [INFO] alerts.notifier: ALERT [NEW_MATCH] 4212 Market Dr | 🏠 New Match: 4212 Market Dr — Score 73/100
2026-04-01 22:43:12,714 [INFO] alerts.notifier: ALERT [NEW_MATCH] 2046 San Pablo Ave | 🏠 New Match: 2046 San Pablo Ave — Score 68/100
2026-04-01 22:43:12,714 [INFO] alerts.notifier: ALERT [NEW_MATCH] 456 Telegraph Ct | 🏠 New Match: 456 Telegraph Ct — Score 68/100
2026-04-01 22:43:12,714 [INFO] alerts.notifier: ALERT [NEW_MATCH] 4318 Moeser Ave | 🏠 New Match: 4318 Moeser Ave — Score 72/100
2026-04-01 22:43:12,714 [INFO] alerts.notifier: ALERT [NEW_MATCH] 4512 Potrero Ln | 🏠 New Match: 4512 Potrero Ln — Score 68/100
2026-04-01 22:43:12,714 [INFO] alerts.notifier: ALERT [NEW_MATCH] 2800 San Pablo St | 🏠 New Match: 2800 San Pablo St — Score 68/100
2026-04-01 22:43:12,715 [INFO] alerts.notifier: ALERT [NEW_MATCH] 3774 Broadway Ct | 🏠 New Match: 3774 Broadway Ct — Score 66/100
2026-04-01 22:43:12,715 [INFO] alerts.notifier: ALERT [NEW_MATCH] 1024 Barrett Ct | 🏠 New Match: 1024 Barrett Ct — Score 68/100
2026-04-01 22:43:12,715 [INFO] alerts.notifier: ALERT [NEW_MATCH] 4707 Elm Ct | 🏠 New Match: 4707 Elm Ct — Score 74/100
2026-04-01 22:43:12,715 [INFO] alerts.notifier: ALERT [NEW_MATCH] 1835 Florida Ave | 🏠 New Match: 1835 Florida Ave — Score 70/100
2026-04-01 22:43:12,718 [INFO] database.db: Database initialized at: sqlite:///./real_estate.db
2026-04-01 23:09:17,559 [INFO] database.db: Database initialized at: sqlite:///./real_estate.db
2026-04-01 23:09:17,628 [INFO] ingestion.redfin_adapter: Fetching Redfin listings for Richmond (region=17429, max_price=$850000.0)
2026-04-01 23:09:17,816 [INFO] ingestion.redfin_adapter:   → 2 listings from Redfin/Richmond
2026-04-01 23:09:20,820 [INFO] ingestion.redfin_adapter: Fetching Redfin listings for Oakland (region=17404, max_price=$850000.0)
2026-04-01 23:09:20,918 [INFO] ingestion.redfin_adapter:   → 0 listings from Redfin/Oakland
2026-04-01 23:09:23,923 [INFO] ingestion.redfin_adapter: Fetching Redfin listings for Berkeley (region=17295, max_price=$850000.0)
2026-04-01 23:09:24,055 [INFO] ingestion.redfin_adapter:   → 14 listings from Redfin/Berkeley
2026-04-01 23:09:27,060 [INFO] ingestion.redfin_adapter: Fetching Redfin listings for Albany (region=17278, max_price=$850000.0)
2026-04-01 23:09:27,136 [INFO] ingestion.redfin_adapter:   → 0 listings from Redfin/Albany
2026-04-01 23:09:30,139 [INFO] ingestion.redfin_adapter: Fetching Redfin listings for El Cerrito (region=17341, max_price=$850000.0)
2026-04-01 23:09:30,253 [INFO] ingestion.redfin_adapter:   → 2 listings from Redfin/El Cerrito
2026-04-01 23:09:33,256 [INFO] ingestion.redfin_adapter: Fetching Redfin listings for Emeryville (region=17342, max_price=$850000.0)
2026-04-01 23:09:33,361 [INFO] ingestion.redfin_adapter:   → 0 listings from Redfin/Emeryville
2026-04-01 23:09:36,367 [INFO] ingestion.redfin_adapter: Fetching Redfin listings for Fremont (region=17350, max_price=$850000.0)
2026-04-01 23:09:36,493 [INFO] ingestion.redfin_adapter:   → 9 listings from Redfin/Fremont
2026-04-01 23:09:39,728 [INFO] database.db: Database initialized at: sqlite:///./real_estate.db
2026-04-01 23:29:05,771 [INFO] database.db: Database initialized at: sqlite:///./real_estate.db
2026-04-01 23:29:05,823 [INFO] ingestion.craigslist_adapter: Fetching Craigslist FSBO for 'richmond' (max_price=$850000.0)
2026-04-01 23:29:16,038 [INFO] ingestion.craigslist_adapter:   -> 7 FSBO listings from Craigslist/Richmond
2026-04-01 23:29:21,043 [INFO] ingestion.craigslist_adapter: Fetching Craigslist FSBO for 'oakland' (max_price=$850000.0)
2026-04-01 23:29:31,332 [INFO] ingestion.craigslist_adapter:   -> 34 FSBO listings from Craigslist/Oakland
2026-04-01 23:29:36,335 [INFO] ingestion.craigslist_adapter: Fetching Craigslist FSBO for 'berkeley' (max_price=$850000.0)
2026-04-01 23:29:46,622 [INFO] ingestion.craigslist_adapter:   -> 3 FSBO listings from Craigslist/Berkeley
2026-04-01 23:29:51,629 [INFO] ingestion.craigslist_adapter: Fetching Craigslist FSBO for 'albany' (max_price=$850000.0)
2026-04-01 23:30:01,897 [INFO] ingestion.craigslist_adapter:   -> 0 FSBO listings from Craigslist/Albany
2026-04-01 23:30:06,904 [INFO] ingestion.craigslist_adapter: Fetching Craigslist FSBO for 'el cerrito' (max_price=$850000.0)
2026-04-01 23:30:17,143 [INFO] ingestion.craigslist_adapter:   -> 0 FSBO listings from Craigslist/El Cerrito
2026-04-01 23:30:22,149 [INFO] ingestion.craigslist_adapter: Fetching Craigslist FSBO for 'emeryville' (max_price=$850000.0)
2026-04-01 23:30:32,412 [INFO] ingestion.craigslist_adapter:   -> 0 FSBO listings from Craigslist/Emeryville
2026-04-01 23:30:37,417 [INFO] ingestion.craigslist_adapter: Fetching Craigslist FSBO for 'fremont' (max_price=$850000.0)
2026-04-01 23:30:47,659 [INFO] ingestion.craigslist_adapter:   -> 5 FSBO listings from Craigslist/Fremont
2026-04-01 23:30:57,672 [INFO] database.db: Database initialized at: sqlite:///./real_estate.db
2026-04-01 23:30:57,745 [INFO] ingestion.craigslist_adapter: Fetching Craigslist FSBO for 'richmond' (max_price=$850000.0)
2026-04-01 23:31:07,947 [INFO] ingestion.craigslist_adapter:   -> 7 FSBO listings from Craigslist/Richmond
2026-04-01 23:31:12,951 [INFO] ingestion.craigslist_adapter: Fetching Craigslist FSBO for 'oakland' (max_price=$850000.0)
2026-04-01 23:31:23,197 [INFO] ingestion.craigslist_adapter:   -> 34 FSBO listings from Craigslist/Oakland
2026-04-01 23:31:28,203 [INFO] ingestion.craigslist_adapter: Fetching Craigslist FSBO for 'berkeley' (max_price=$850000.0)
2026-04-01 23:31:38,422 [INFO] ingestion.craigslist_adapter:   -> 3 FSBO listings from Craigslist/Berkeley
2026-04-01 23:31:43,426 [INFO] ingestion.craigslist_adapter: Fetching Craigslist FSBO for 'albany' (max_price=$850000.0)
2026-04-01 23:31:53,630 [INFO] ingestion.craigslist_adapter:   -> 0 FSBO listings from Craigslist/Albany
2026-04-01 23:31:58,635 [INFO] ingestion.craigslist_adapter: Fetching Craigslist FSBO for 'el cerrito' (max_price=$850000.0)
2026-04-01 23:32:08,865 [INFO] ingestion.craigslist_adapter:   -> 0 FSBO listings from Craigslist/El Cerrito
